2022-10-19 10:53:53,207 [INFO] Activator:177 - 


2022-10-19 10:53:53,223 [INFO] Activator:178 - !SESSION log4j initialized
2022-10-19 10:54:03,856 [INFO] McuFinderGlobals:39 - Set McuFinder mode to 2 (CubeIDE integrated)
2022-10-19 10:54:03,996 [INFO] ApplicationProperties:181 - Using Application install path: C:\ST\STM32CubeIDE_1.7.0\STM32CubeIDE\plugins\com.st.stm32cube.common.mx_6.3.0.202107141111
2022-10-19 10:54:03,996 [INFO] DbMcusXml:74 - Set database path to: C:\ST\STM32CubeIDE_1.7.0\STM32CubeIDE\plugins\com.st.stm32cube.common.mx_6.3.0.202107141111\\db\/mcu/
2022-10-19 10:54:04,012 [INFO] DbBoardsPdsc:56 - Set plugin database path to: C:\ST\STM32CubeIDE_1.7.0\STM32CubeIDE\plugins\com.st.stm32cube.common.mx_6.3.0.202107141111\\db\/plugins/boardmanager/
2022-10-19 10:54:04,012 [INFO] DbMcus:258 - Set plugin images path to: C:\ST\STM32CubeIDE_1.7.0\STM32CubeIDE\plugins\com.st.stm32cube.common.mx_6.3.0.202107141111\\db\/plugins/mcufinder/images/
2022-10-19 10:54:04,012 [INFO] DbBoards:264 - Set plugin images path to: C:\ST\STM32CubeIDE_1.7.0\STM32CubeIDE\plugins\com.st.stm32cube.common.mx_6.3.0.202107141111\\db\/plugins/mcufinder/images/
2022-10-19 10:54:04,012 [INFO] DbExamples:333 - Set plugin images path to: C:\ST\STM32CubeIDE_1.7.0\STM32CubeIDE\plugins\com.st.stm32cube.common.mx_6.3.0.202107141111\\db\/plugins/mcufinder/images/
2022-10-19 10:54:04,012 [INFO] DbMcusAds:119 - Set database path to: C:\Users\pc\.stmcufinder\plugins\mcufinder//mcu/
2022-10-19 10:54:04,012 [INFO] DbMcusDocs:110 - Set database path to: C:\Users\pc\.stmcufinder\plugins\mcufinder//mcu/
2022-10-19 10:54:04,012 [INFO] DbMcusJson:64 - Set database path to: C:\Users\pc\.stmcufinder\plugins\mcufinder//mcu/
2022-10-19 10:54:04,012 [INFO] DbBoardsDocs:110 - Set database path to: C:\Users\pc\.stmcufinder\plugins\mcufinder//mcu/
2022-10-19 10:54:04,012 [INFO] DbBoardsJson:57 - Set database path to: C:\Users\pc\.stmcufinder\plugins\mcufinder//mcu/
2022-10-19 10:54:04,012 [INFO] CrossReferenceDbSqlite:196 - Set database path to: C:\Users\pc\.stmcufinder\plugins\mcufinder//mcu/cs/
2022-10-19 10:54:04,028 [INFO] DbExamplesSqlite:767 - Set database path to: C:\Users\pc\.stmcufinder\plugins\mcufinder//mcu/
2022-10-19 10:54:04,106 [INFO] RulesReader:57 - Compatibility file has been processed (242 Rules)
2022-10-19 10:54:04,168 [INFO] DbMcusXml:74 - Set database path to: C:\ST\STM32CubeIDE_1.7.0\STM32CubeIDE\plugins\com.st.stm32cube.common.mx_6.3.0.202107141111\\db\/mcu/
2022-10-19 10:54:04,168 [INFO] DbBoardsPdsc:56 - Set plugin database path to: C:\ST\STM32CubeIDE_1.7.0\STM32CubeIDE\plugins\com.st.stm32cube.common.mx_6.3.0.202107141111\\db\/plugins/boardmanager/
2022-10-19 10:54:04,168 [INFO] DbMcus:258 - Set plugin images path to: C:\ST\STM32CubeIDE_1.7.0\STM32CubeIDE\plugins\com.st.stm32cube.common.mx_6.3.0.202107141111\\db\/plugins/mcufinder/images/
2022-10-19 10:54:04,168 [INFO] DbBoards:264 - Set plugin images path to: C:\ST\STM32CubeIDE_1.7.0\STM32CubeIDE\plugins\com.st.stm32cube.common.mx_6.3.0.202107141111\\db\/plugins/mcufinder/images/
2022-10-19 10:54:04,168 [INFO] DbExamples:333 - Set plugin images path to: C:\ST\STM32CubeIDE_1.7.0\STM32CubeIDE\plugins\com.st.stm32cube.common.mx_6.3.0.202107141111\\db\/plugins/mcufinder/images/
2022-10-19 10:54:04,168 [WARN] DbFile:35 - Overriding database path with different value: C:\Users\pc\.stmcufinder\plugins\mcufinder/ => C:\Users\pc\.stmcufinder\plugins\mcufinder
2022-10-19 10:54:04,168 [INFO] DbMcusAds:119 - Set database path to: C:\Users\pc\.stmcufinder\plugins\mcufinder//mcu/
2022-10-19 10:54:04,168 [WARN] DbFile:35 - Overriding database path with different value: C:\Users\pc\.stmcufinder\plugins\mcufinder/ => C:\Users\pc\.stmcufinder\plugins\mcufinder
2022-10-19 10:54:04,168 [INFO] DbMcusDocs:110 - Set database path to: C:\Users\pc\.stmcufinder\plugins\mcufinder//mcu/
2022-10-19 10:54:04,168 [WARN] DbFile:35 - Overriding database path with different value: C:\Users\pc\.stmcufinder\plugins\mcufinder/ => C:\Users\pc\.stmcufinder\plugins\mcufinder
2022-10-19 10:54:04,168 [INFO] DbMcusJson:64 - Set database path to: C:\Users\pc\.stmcufinder\plugins\mcufinder//mcu/
2022-10-19 10:54:04,168 [WARN] DbFile:35 - Overriding database path with different value: C:\Users\pc\.stmcufinder\plugins\mcufinder/ => C:\Users\pc\.stmcufinder\plugins\mcufinder
2022-10-19 10:54:04,168 [INFO] DbBoardsDocs:110 - Set database path to: C:\Users\pc\.stmcufinder\plugins\mcufinder//mcu/
2022-10-19 10:54:04,168 [WARN] DbFile:35 - Overriding database path with different value: C:\Users\pc\.stmcufinder\plugins\mcufinder/ => C:\Users\pc\.stmcufinder\plugins\mcufinder
2022-10-19 10:54:04,168 [INFO] DbBoardsJson:57 - Set database path to: C:\Users\pc\.stmcufinder\plugins\mcufinder//mcu/
2022-10-19 10:54:04,168 [WARN] DbFile:35 - Overriding database path with different value: C:\Users\pc\.stmcufinder\plugins\mcufinder/ => C:\Users\pc\.stmcufinder\plugins\mcufinder
2022-10-19 10:54:04,168 [WARN] DbFile:35 - Overriding database path with different value: C:\Users\pc\.stmcufinder\plugins\mcufinder/ => C:\Users\pc\.stmcufinder\plugins\mcufinder
2022-10-19 10:54:04,168 [INFO] CrossReferenceDbSqlite:196 - Set database path to: C:\Users\pc\.stmcufinder\plugins\mcufinder//mcu/cs/
2022-10-19 10:54:04,168 [WARN] DbFile:35 - Overriding database path with different value: C:\Users\pc\.stmcufinder\plugins\mcufinder/ => C:\Users\pc\.stmcufinder\plugins\mcufinder
2022-10-19 10:54:04,168 [INFO] DbExamplesSqlite:767 - Set database path to: C:\Users\pc\.stmcufinder\plugins\mcufinder//mcu/
2022-10-19 10:54:04,215 [INFO] MainPanel:214 - HeapMemory: 268435456
2022-10-19 10:54:04,278 [INFO] DbMcusXml:74 - Set database path to: C:\ST\STM32CubeIDE_1.7.0\STM32CubeIDE\plugins\com.st.stm32cube.common.mx_6.3.0.202107141111\\db\/mcu/
2022-10-19 10:54:04,278 [INFO] DbBoardsPdsc:56 - Set plugin database path to: C:\ST\STM32CubeIDE_1.7.0\STM32CubeIDE\plugins\com.st.stm32cube.common.mx_6.3.0.202107141111\\db\/plugins/boardmanager/
2022-10-19 10:54:04,278 [INFO] DbMcus:258 - Set plugin images path to: C:\ST\STM32CubeIDE_1.7.0\STM32CubeIDE\plugins\com.st.stm32cube.common.mx_6.3.0.202107141111\\db\/plugins/mcufinder/images/
2022-10-19 10:54:04,278 [INFO] DbBoards:264 - Set plugin images path to: C:\ST\STM32CubeIDE_1.7.0\STM32CubeIDE\plugins\com.st.stm32cube.common.mx_6.3.0.202107141111\\db\/plugins/mcufinder/images/
2022-10-19 10:54:04,278 [INFO] DbExamples:333 - Set plugin images path to: C:\ST\STM32CubeIDE_1.7.0\STM32CubeIDE\plugins\com.st.stm32cube.common.mx_6.3.0.202107141111\\db\/plugins/mcufinder/images/
2022-10-19 10:54:04,278 [WARN] DbFile:35 - Overriding database path with different value: C:\Users\pc\.stmcufinder\plugins\mcufinder/ => C:\Users\pc\.stmcufinder\plugins\mcufinder
2022-10-19 10:54:04,278 [INFO] DbMcusAds:119 - Set database path to: C:\Users\pc\.stmcufinder\plugins\mcufinder//mcu/
2022-10-19 10:54:04,278 [WARN] DbFile:35 - Overriding database path with different value: C:\Users\pc\.stmcufinder\plugins\mcufinder/ => C:\Users\pc\.stmcufinder\plugins\mcufinder
2022-10-19 10:54:04,278 [INFO] DbMcusDocs:110 - Set database path to: C:\Users\pc\.stmcufinder\plugins\mcufinder//mcu/
2022-10-19 10:54:04,278 [WARN] DbFile:35 - Overriding database path with different value: C:\Users\pc\.stmcufinder\plugins\mcufinder/ => C:\Users\pc\.stmcufinder\plugins\mcufinder
2022-10-19 10:54:04,278 [INFO] DbMcusJson:64 - Set database path to: C:\Users\pc\.stmcufinder\plugins\mcufinder//mcu/
2022-10-19 10:54:04,278 [WARN] DbFile:35 - Overriding database path with different value: C:\Users\pc\.stmcufinder\plugins\mcufinder/ => C:\Users\pc\.stmcufinder\plugins\mcufinder
2022-10-19 10:54:04,278 [INFO] DbBoardsDocs:110 - Set database path to: C:\Users\pc\.stmcufinder\plugins\mcufinder//mcu/
2022-10-19 10:54:04,278 [WARN] DbFile:35 - Overriding database path with different value: C:\Users\pc\.stmcufinder\plugins\mcufinder/ => C:\Users\pc\.stmcufinder\plugins\mcufinder
2022-10-19 10:54:04,278 [INFO] DbBoardsJson:57 - Set database path to: C:\Users\pc\.stmcufinder\plugins\mcufinder//mcu/
2022-10-19 10:54:04,278 [WARN] DbFile:35 - Overriding database path with different value: C:\Users\pc\.stmcufinder\plugins\mcufinder/ => C:\Users\pc\.stmcufinder\plugins\mcufinder
2022-10-19 10:54:04,278 [WARN] DbFile:35 - Overriding database path with different value: C:\Users\pc\.stmcufinder\plugins\mcufinder/ => C:\Users\pc\.stmcufinder\plugins\mcufinder
2022-10-19 10:54:04,278 [INFO] CrossReferenceDbSqlite:196 - Set database path to: C:\Users\pc\.stmcufinder\plugins\mcufinder//mcu/cs/
2022-10-19 10:54:04,278 [WARN] DbFile:35 - Overriding database path with different value: C:\Users\pc\.stmcufinder\plugins\mcufinder/ => C:\Users\pc\.stmcufinder\plugins\mcufinder
2022-10-19 10:54:04,278 [INFO] DbExamplesSqlite:767 - Set database path to: C:\Users\pc\.stmcufinder\plugins\mcufinder//mcu/
2022-10-19 10:54:04,293 [INFO] ApplicationProperties:181 - Using Application install path: C:\ST\STM32CubeIDE_1.7.0\STM32CubeIDE\plugins\com.st.stm32cube.common.mx_6.3.0.202107141111
2022-10-19 10:54:04,293 [INFO] PluginManage:188 - Search for loadable plugins [exclusion list=, ]
2022-10-19 10:54:04,293 [INFO] PluginManage:302 - Check plugin analytics
2022-10-19 10:54:08,911 [INFO] AnalyticsPlugin:257 - Accepted Software Licenses: 
2022-10-19 10:54:08,911 [INFO] AnalyticsPlugin:259 - Accepted CMSIS Pack Licenses: 
2022-10-19 10:54:08,911 [INFO] AnalyticsPlugin:261 - Accepted Firmware Licenses: 
2022-10-19 10:54:08,911 [INFO] PluginManage:352 - Loaded plugin analytics (category:tool,tabindex:-1)
2022-10-19 10:54:08,911 [INFO] PluginManage:302 - Check plugin clock
2022-10-19 10:54:08,927 [INFO] PluginManage:352 - Loaded plugin clock (category:base,tabindex:2)
2022-10-19 10:54:08,927 [INFO] PluginManage:302 - Check plugin ddr
2022-10-19 10:54:08,927 [INFO] PluginManage:352 - Loaded plugin ddr (category:tool,tabindex:6)
2022-10-19 10:54:08,927 [INFO] PluginManage:302 - Check plugin filemanager
2022-10-19 10:54:09,020 [INFO] PluginManage:352 - Loaded plugin filemanager (category:base,tabindex:10)
2022-10-19 10:54:09,020 [INFO] PluginManage:302 - Check plugin ipmanager
2022-10-19 10:54:09,036 [INFO] PluginManage:352 - Loaded plugin ipmanager (category:base,tabindex:5)
2022-10-19 10:54:09,036 [INFO] PluginManage:302 - Check plugin pinoutandconfiguration
2022-10-19 10:54:09,036 [INFO] PluginManage:352 - Loaded plugin pinoutandconfiguration (category:base,tabindex:1)
2022-10-19 10:54:09,036 [INFO] PluginManage:302 - Check plugin pinoutconfig
2022-10-19 10:54:09,067 [INFO] PluginManage:352 - Loaded plugin pinoutconfig (category:base,tabindex:0)
2022-10-19 10:54:09,067 [INFO] PluginManage:302 - Check plugin power
2022-10-19 10:54:09,067 [INFO] PluginManage:352 - Loaded plugin power (category:power,tabindex:4)
2022-10-19 10:54:09,067 [INFO] PluginManage:302 - Check plugin projectmanager
2022-10-19 10:54:09,095 [INFO] PluginManage:352 - Loaded plugin projectmanager (category:projectmanager,tabindex:3)
2022-10-19 10:54:09,095 [INFO] PluginManage:302 - Check plugin thirdparty
2022-10-19 10:54:09,200 [INFO] PluginManage:352 - Loaded plugin thirdparty (category:base,tabindex:-1)
2022-10-19 10:54:09,200 [INFO] PluginManage:302 - Check plugin tools
2022-10-19 10:54:09,200 [WARN] IntegrityCheckThread:78 - waiting for thirdparty lock release [integrity check]
2022-10-19 10:54:09,200 [INFO] IntegrityCheckThread:80 - entering critical section [integrity check]
2022-10-19 10:54:09,200 [INFO] ThirdPartyUpdaterWithRetryManager:66 - Updater plugin not ready yet. [1/15]
2022-10-19 10:54:09,200 [INFO] PluginManage:352 - Loaded plugin tools (category:base,tabindex:7)
2022-10-19 10:54:09,200 [INFO] PluginManage:302 - Check plugin tutovideos
2022-10-19 10:54:09,373 [INFO] PluginManage:352 - Loaded plugin tutovideos (category:base,tabindex:-1)
2022-10-19 10:54:09,482 [INFO] PluginManage:302 - Check plugin updater
2022-10-19 10:54:09,482 [INFO] PluginManage:352 - Loaded plugin updater (category:base,tabindex:12)
2022-10-19 10:54:09,482 [INFO] PluginManage:275 - PluginManage : Loaded plugins [13]
2022-10-19 10:54:09,623 [INFO] PinOutPanel:1463 - setPackage(No Configuration,No Configuration)
2022-10-19 10:54:09,701 [INFO] IPUIPlugin:74 - create IPUIPlugin
2022-10-19 10:54:09,701 [INFO] PluginManager:213 - loadIPPluginJar : add adc
2022-10-19 10:54:09,701 [INFO] IPUIPlugin:74 - create IPUIPlugin
2022-10-19 10:54:09,701 [INFO] PluginManager:213 - loadIPPluginJar : add aes
2022-10-19 10:54:09,701 [INFO] IPUIPlugin:74 - create IPUIPlugin
2022-10-19 10:54:09,701 [INFO] PluginManager:213 - loadIPPluginJar : add can
2022-10-19 10:54:09,701 [INFO] IPUIPlugin:74 - create IPUIPlugin
2022-10-19 10:54:09,701 [INFO] PluginManager:213 - loadIPPluginJar : add comp
2022-10-19 10:54:09,701 [INFO] IPUIPlugin:74 - create IPUIPlugin
2022-10-19 10:54:09,701 [INFO] PluginManager:213 - loadIPPluginJar : add cryp
2022-10-19 10:54:09,717 [INFO] IPUIPlugin:74 - create IPUIPlugin
2022-10-19 10:54:09,717 [INFO] PluginManager:213 - loadIPPluginJar : add dfsdm
2022-10-19 10:54:09,717 [INFO] IPUIPlugin:74 - create IPUIPlugin
2022-10-19 10:54:09,717 [INFO] PluginManager:213 - loadIPPluginJar : add dma
2022-10-19 10:54:09,717 [INFO] IPUIPlugin:74 - create IPUIPlugin
2022-10-19 10:54:09,717 [INFO] PluginManager:213 - loadIPPluginJar : add dma3
2022-10-19 10:54:09,717 [INFO] IPUIPlugin:74 - create IPUIPlugin
2022-10-19 10:54:09,717 [INFO] PluginManager:213 - loadIPPluginJar : add fatfs
2022-10-19 10:54:09,717 [INFO] IPUIPlugin:74 - create IPUIPlugin
2022-10-19 10:54:09,717 [INFO] PluginManager:213 - loadIPPluginJar : add fmc
2022-10-19 10:54:09,733 [INFO] IPUIPlugin:74 - create IPUIPlugin
2022-10-19 10:54:09,733 [INFO] PluginManager:213 - loadIPPluginJar : add freertos
2022-10-19 10:54:09,733 [INFO] IPUIPlugin:74 - create IPUIPlugin
2022-10-19 10:54:09,733 [INFO] PluginManager:213 - loadIPPluginJar : add genericplugin
2022-10-19 10:54:09,733 [INFO] IPUIPlugin:74 - create IPUIPlugin
2022-10-19 10:54:09,733 [INFO] PluginManager:213 - loadIPPluginJar : add gfxmmu
2022-10-19 10:54:09,733 [INFO] IPUIPlugin:74 - create IPUIPlugin
2022-10-19 10:54:09,733 [INFO] PluginManager:213 - loadIPPluginJar : add gic
2022-10-19 10:54:09,733 [INFO] IPUIPlugin:74 - create IPUIPlugin
2022-10-19 10:54:09,733 [INFO] PluginManager:213 - loadIPPluginJar : add gpio
2022-10-19 10:54:09,748 [INFO] IPUIPlugin:74 - create IPUIPlugin
2022-10-19 10:54:09,748 [INFO] PluginManager:213 - loadIPPluginJar : add gtzc
2022-10-19 10:54:09,748 [INFO] IPUIPlugin:74 - create IPUIPlugin
2022-10-19 10:54:09,748 [INFO] PluginManager:213 - loadIPPluginJar : add hash
2022-10-19 10:54:09,748 [INFO] IPUIPlugin:74 - create IPUIPlugin
2022-10-19 10:54:09,748 [INFO] PluginManager:213 - loadIPPluginJar : add i2c
2022-10-19 10:54:09,748 [INFO] IPUIPlugin:74 - create IPUIPlugin
2022-10-19 10:54:09,748 [INFO] PluginManager:213 - loadIPPluginJar : add i2s
2022-10-19 10:54:09,748 [INFO] IPUIPlugin:74 - create IPUIPlugin
2022-10-19 10:54:09,748 [INFO] PluginManager:213 - loadIPPluginJar : add ipddr
2022-10-19 10:54:09,764 [INFO] IPUIPlugin:74 - create IPUIPlugin
2022-10-19 10:54:09,764 [INFO] PluginManager:213 - loadIPPluginJar : add linkedlist
2022-10-19 10:54:09,764 [INFO] IPUIPlugin:74 - create IPUIPlugin
2022-10-19 10:54:09,764 [INFO] PluginManager:213 - loadIPPluginJar : add lorawan
2022-10-19 10:54:09,764 [INFO] IPUIPlugin:74 - create IPUIPlugin
2022-10-19 10:54:09,764 [INFO] PluginManager:213 - loadIPPluginJar : add ltdc
2022-10-19 10:54:09,764 [INFO] IPUIPlugin:74 - create IPUIPlugin
2022-10-19 10:54:09,764 [INFO] PluginManager:213 - loadIPPluginJar : add mdma
2022-10-19 10:54:09,764 [INFO] IPUIPlugin:74 - create IPUIPlugin
2022-10-19 10:54:09,764 [INFO] PluginManager:213 - loadIPPluginJar : add nvic
2022-10-19 10:54:09,764 [INFO] IPUIPlugin:74 - create IPUIPlugin
2022-10-19 10:54:09,764 [INFO] PluginManager:213 - loadIPPluginJar : add opamp
2022-10-19 10:54:09,779 [INFO] IPUIPlugin:74 - create IPUIPlugin
2022-10-19 10:54:09,779 [INFO] PluginManager:213 - loadIPPluginJar : add openamp
2022-10-19 10:54:09,779 [INFO] IPUIPlugin:74 - create IPUIPlugin
2022-10-19 10:54:09,779 [INFO] PluginManager:213 - loadIPPluginJar : add pdm2pcm
2022-10-19 10:54:09,779 [INFO] IPUIPlugin:74 - create IPUIPlugin
2022-10-19 10:54:09,779 [INFO] PluginManager:213 - loadIPPluginJar : add plateformsettings
2022-10-19 10:54:09,779 [INFO] IPUIPlugin:74 - create IPUIPlugin
2022-10-19 10:54:09,779 [INFO] PluginManager:213 - loadIPPluginJar : add quadspi
2022-10-19 10:54:09,795 [INFO] IPUIPlugin:74 - create IPUIPlugin
2022-10-19 10:54:09,795 [INFO] PluginManager:213 - loadIPPluginJar : add resmgrutility
2022-10-19 10:54:09,795 [INFO] IPUIPlugin:74 - create IPUIPlugin
2022-10-19 10:54:09,795 [INFO] PluginManager:213 - loadIPPluginJar : add sai
2022-10-19 10:54:09,795 [INFO] IPUIPlugin:74 - create IPUIPlugin
2022-10-19 10:54:09,795 [INFO] PluginManager:213 - loadIPPluginJar : add spi
2022-10-19 10:54:09,795 [INFO] IPUIPlugin:74 - create IPUIPlugin
2022-10-19 10:54:09,795 [INFO] PluginManager:213 - loadIPPluginJar : add stm32_wpan
2022-10-19 10:54:09,795 [INFO] IPUIPlugin:74 - create IPUIPlugin
2022-10-19 10:54:09,795 [INFO] PluginManager:213 - loadIPPluginJar : add tim
2022-10-19 10:54:09,795 [INFO] IPUIPlugin:74 - create IPUIPlugin
2022-10-19 10:54:09,795 [INFO] PluginManager:213 - loadIPPluginJar : add touchsensing
2022-10-19 10:54:09,811 [INFO] IPUIPlugin:74 - create IPUIPlugin
2022-10-19 10:54:09,811 [INFO] PluginManager:213 - loadIPPluginJar : add tracer_emb
2022-10-19 10:54:09,811 [INFO] IPUIPlugin:74 - create IPUIPlugin
2022-10-19 10:54:09,811 [INFO] PluginManager:213 - loadIPPluginJar : add ts
2022-10-19 10:54:09,811 [INFO] IPUIPlugin:74 - create IPUIPlugin
2022-10-19 10:54:09,811 [INFO] PluginManager:213 - loadIPPluginJar : add tsc
2022-10-19 10:54:09,811 [INFO] IPUIPlugin:74 - create IPUIPlugin
2022-10-19 10:54:09,811 [INFO] PluginManager:213 - loadIPPluginJar : add ucpd
2022-10-19 10:54:09,811 [INFO] IPUIPlugin:74 - create IPUIPlugin
2022-10-19 10:54:09,811 [INFO] PluginManager:213 - loadIPPluginJar : add usart
2022-10-19 10:54:09,811 [INFO] IPUIPlugin:74 - create IPUIPlugin
2022-10-19 10:54:09,811 [INFO] PluginManager:213 - loadIPPluginJar : add usbx
2022-10-19 10:54:10,084 [FATAL] Updater:294 - Updater called before beeing initialized
2022-10-19 10:54:10,194 [FATAL] Updater:294 - Updater called before beeing initialized
2022-10-19 10:54:10,194 [INFO] DbMcusAds:47 - JSON generation date=Thu Sep 30 13:55:09 ICT 2021 (1632984909247)
2022-10-19 10:54:10,194 [FATAL] Updater:294 - Updater called before beeing initialized
2022-10-19 10:54:10,225 [WARN] DetailPanel:314 - Failed to get advertising image, set to default
2022-10-19 10:54:10,303 [FATAL] Updater:294 - Updater called before beeing initialized
2022-10-19 10:54:10,303 [FATAL] Updater:294 - Updater called before beeing initialized
2022-10-19 10:54:10,303 [FATAL] Updater:294 - Updater called before beeing initialized
2022-10-19 10:54:10,303 [WARN] DetailPanel:314 - Failed to get advertising image, set to default
2022-10-19 10:54:10,303 [FATAL] Updater:294 - Updater called before beeing initialized
2022-10-19 10:54:10,350 [ERROR] Updater:1075 - MainUpdater not yet initialized. External WinMGr cannot be set.
2022-10-19 10:54:10,350 [INFO] Updater:1012 - Updater Version found : 6.3.0
2022-10-19 10:54:10,365 [INFO] ApplicationProperties:181 - Using Application install path: C:\ST\STM32CubeIDE_1.7.0\STM32CubeIDE\plugins\com.st.stm32cube.common.mx_6.3.0.202107141111
2022-10-19 10:54:10,852 [INFO] MainUpdater:2671 - connection check result : 10
2022-10-19 10:54:10,852 [INFO] MainUpdater:265 - Updater Check For Update Now.
2022-10-19 10:54:10,852 [INFO] MicroXplorer:478 - Change Database Version : DB.6.0.30
2022-10-19 10:54:10,993 [INFO] CheckServerUpdateThread:112 - End of CheckServer Thread
2022-10-19 10:54:11,071 [INFO] MainUpdater:2671 - connection check result : 10
2022-10-19 10:54:11,071 [INFO] McuFinderGlobals:52 - Set McuFinderConnectedMode to true
2022-10-19 10:54:11,180 [INFO] ServerAccessManage:362 - Download File mcusAds.json._tmp_
2022-10-19 10:54:11,289 [INFO] LoadUrlFilesThread:145 - End of LoadUrlFiles Thread
2022-10-19 10:54:12,213 [WARN] MainUpdater:1122 - Updater busy. Cannot search thirdparties
2022-10-19 10:54:12,213 [INFO] ThirdPartyUpdaterWithRetryManager:92 - Updater plugin is busy. [1/15]
2022-10-19 10:54:12,213 [INFO] ServerAccessManage:362 - Download File mcusDocs.json._tmp_
2022-10-19 10:54:13,043 [INFO] LoadUrlFilesThread:145 - End of LoadUrlFiles Thread
2022-10-19 10:54:13,216 [INFO] ServerAccessManage:362 - Download File mcusFeaturesAndDescription.json._tmp_
2022-10-19 10:54:14,488 [INFO] LoadUrlFilesThread:145 - End of LoadUrlFiles Thread
2022-10-19 10:54:14,660 [INFO] ServerAccessManage:362 - Download File boardsDocs.json._tmp_
2022-10-19 10:54:14,789 [INFO] LoadUrlFilesThread:145 - End of LoadUrlFiles Thread
2022-10-19 10:54:14,958 [INFO] ServerAccessManage:362 - Download File boards.json._tmp_
2022-10-19 10:54:15,161 [INFO] LoadUrlFilesThread:145 - End of LoadUrlFiles Thread
2022-10-19 10:54:15,223 [WARN] MainUpdater:1122 - Updater busy. Cannot search thirdparties
2022-10-19 10:54:15,223 [INFO] ThirdPartyUpdaterWithRetryManager:92 - Updater plugin is busy. [2/15]
2022-10-19 10:54:15,254 [INFO] ServerAccessManage:362 - Download File cube-finder-db.zip
2022-10-19 10:54:18,234 [WARN] MainUpdater:1122 - Updater busy. Cannot search thirdparties
2022-10-19 10:54:18,234 [INFO] ThirdPartyUpdaterWithRetryManager:92 - Updater plugin is busy. [3/15]
2022-10-19 10:54:19,109 [INFO] FileExtend:235 - Unzip File : cube-finder-db.zip
2022-10-19 10:54:19,109 [INFO] FileExtend:250 - Standard Zip Deflate
2022-10-19 10:54:19,635 [INFO] LoadUrlFilesThread:145 - End of LoadUrlFiles Thread
2022-10-19 10:54:21,106 [INFO] ServerAccessManage:362 - Download File crdb.zip
2022-10-19 10:54:21,246 [WARN] MainUpdater:1122 - Updater busy. Cannot search thirdparties
2022-10-19 10:54:21,246 [INFO] ThirdPartyUpdaterWithRetryManager:92 - Updater plugin is busy. [4/15]
2022-10-19 10:54:22,570 [INFO] FileExtend:235 - Unzip File : crdb.zip
2022-10-19 10:54:22,570 [INFO] FileExtend:250 - Standard Zip Deflate
2022-10-19 10:54:22,711 [INFO] LoadUrlFilesThread:145 - End of LoadUrlFiles Thread
2022-10-19 10:54:22,805 [INFO] ServerAccessManage:362 - Download File tutoVideoDB.zip
2022-10-19 10:54:22,820 [INFO] FileExtend:235 - Unzip File : tutoVideoDB.zip
2022-10-19 10:54:22,820 [INFO] FileExtend:250 - Standard Zip Deflate
2022-10-19 10:54:22,930 [INFO] LoadUrlFilesThread:145 - End of LoadUrlFiles Thread
2022-10-19 10:54:22,930 [INFO] DbMcusAds:47 - JSON generation date=Thu Sep 30 13:56:37 ICT 2021 (1632984997303)
2022-10-19 10:54:22,945 [INFO] DbMcusDocs:143 - JSON generation date=Tue Nov 16 23:17:54 ICT 2021 (1637079474)
2022-10-19 10:54:22,945 [INFO] DbMcusXml:100 - Load MCU database from C:\ST\STM32CubeIDE_1.7.0\STM32CubeIDE\plugins\com.st.stm32cube.common.mx_6.3.0.202107141111\\db\/mcu/families.xml
2022-10-19 10:54:23,633 [INFO] DbMcusJson:93 - JSON generation date=Tue Nov 16 23:17:54 ICT 2021 (1637079474)
2022-10-19 10:54:24,212 [INFO] DbMcus:175 - Found 1951 MCUs (1903 are supported by CubeMX, 1914 are visible in CubeMX)
2022-10-19 10:54:24,212 [INFO] ApiDb:251 - Load user favorites file C:\Users\pc/.stm32cubeide/favorites.mcus.txt: 0 item(s)
2022-10-19 10:54:24,212 [INFO] ApiDb:255 - User favorites MCUs=[]
2022-10-19 10:54:24,212 [INFO] DbMcus:187 - Set 0 / 0 favorites MCUs
2022-10-19 10:54:24,337 [WARN] PackLoader:238 - Cannot read IP mode file for STMicroelectronics.X-CUBE-GNSS1.6.0.0
2022-10-19 10:54:24,369 [WARN] PackLoader:238 - Cannot read IP mode file for STMicroelectronics.X-CUBE-AZRTOS-F4.1.1.0
2022-10-19 10:54:24,385 [WARN] PackLoader:238 - Cannot read IP mode file for STMicroelectronics.X-CUBE-BLEMGR.1.2.0
2022-10-19 10:54:24,400 [WARN] PackLoader:238 - Cannot read IP mode file for STMicroelectronics.X-CUBE-AZRTOS-F7.1.1.0
2022-10-19 10:54:24,416 [WARN] PackLoader:238 - Cannot read IP mode file for STMicroelectronics.X-CUBE-BLE1.6.2.3
2022-10-19 10:54:24,416 [WARN] PackLoader:238 - Cannot read IP mode file for STMicroelectronics.X-CUBE-NFC4.2.0.4
2022-10-19 10:54:24,431 [WARN] PackLoader:238 - Cannot read IP mode file for STMicroelectronics.X-CUBE-TOF1.3.1.0
2022-10-19 10:54:24,447 [WARN] PackLoader:238 - Cannot read IP mode file for wolfSSL.I-CUBE-wolfSSL.5.5.0
2022-10-19 10:54:24,447 [WARN] PackLoader:238 - Cannot read IP mode file for STMicroelectronics.X-CUBE-NFC7.1.0.0
2022-10-19 10:54:24,494 [WARN] PackLoader:238 - Cannot read IP mode file for STMicroelectronics.X-CUBE-MEMS1.9.3.0
2022-10-19 10:54:24,666 [WARN] PackLoader:238 - Cannot read IP mode file for STMicroelectronics.X-CUBE-AI.7.2.0
2022-10-19 10:54:24,681 [WARN] PackLoader:238 - Cannot read IP mode file for STMicroelectronics.X-CUBE-SFXS2LP1.4.0.0
2022-10-19 10:54:24,681 [WARN] PackLoader:238 - Cannot read IP mode file for STMicroelectronics.X-CUBE-BLE2.3.3.0
2022-10-19 10:54:24,697 [WARN] PackLoader:238 - Cannot read IP mode file for STMicroelectronics.X-CUBE-DISPLAY.2.2.0
2022-10-19 10:54:24,697 [WARN] PackLoader:238 - Cannot read IP mode file for STMicroelectronics.X-CUBE-ISPU.1.0.0
2022-10-19 10:54:24,697 [INFO] DbMcusDocs:79 - Found 682 MCUs documents
2022-10-19 10:54:24,697 [INFO] ApiDb:276 - Save user favorites file C:\Users\pc/.stm32cubeide/favorites.mcus.txt: 0 item(s)
2022-10-19 10:54:24,697 [INFO] ApiDb:280 - User favorites MCUs=[]
2022-10-19 10:54:24,697 [INFO] DbMcusXml:100 - Load MCU database from C:\ST\STM32CubeIDE_1.7.0\STM32CubeIDE\plugins\com.st.stm32cube.common.mx_6.3.0.202107141111\\db\/mcu/families.xml
2022-10-19 10:54:24,697 [WARN] PackLoader:238 - Cannot read IP mode file for RoweBots.I-CUBE-UNISONRTOS.5.5.0-4
2022-10-19 10:54:24,728 [WARN] PackLoader:238 - Cannot read IP mode file for STMicroelectronics.X-CUBE-AZRTOS-H7.2.1.0
2022-10-19 10:54:24,728 [WARN] PackLoader:238 - Cannot read IP mode file for STMicroelectronics.X-CUBE-BLEMGR.1.0.0
2022-10-19 10:54:24,744 [WARN] PackLoader:238 - Cannot read IP mode file for STMicroelectronics.X-CUBE-ALGOBUILD.1.3.0
2022-10-19 10:54:24,760 [WARN] PackLoader:238 - Cannot read IP mode file for STMicroelectronics.X-CUBE-AZRTOS-G0.1.1.0
2022-10-19 10:54:24,760 [WARN] PackLoader:238 - Cannot read IP mode file for STMicroelectronics.X-CUBE-SUBG2.5.0.0
2022-10-19 10:54:24,807 [WARN] PackLoader:238 - Cannot read IP mode file for SEGGER.I-CUBE-embOS.1.2.0
2022-10-19 10:54:24,869 [WARN] PackLoader:238 - Cannot read IP mode file for STMicroelectronics.FP-ATR-ASTRA1.1.1.1
2022-10-19 10:54:24,885 [WARN] PackLoader:238 - Cannot read IP mode file for STMicroelectronics.X-CUBE-AZRTOS-G4.1.0.0
2022-10-19 10:54:24,885 [WARN] PackLoader:238 - Cannot read IP mode file for STMicroelectronics.FP-ATR-SIGFOX1.3.2.0
2022-10-19 10:54:24,901 [WARN] PackLoader:238 - Cannot read IP mode file for STMicroelectronics.X-CUBE-AZRTOS-L4.1.0.0
2022-10-19 10:54:24,901 [WARN] PackLoader:238 - Cannot read IP mode file for emotas.I-CUBE-CANOPEN.1.1.2
2022-10-19 10:54:24,916 [WARN] PackLoader:238 - Cannot read IP mode file for STMicroelectronics.X-CUBE-TOUCHGFX.4.20.0
2022-10-19 10:54:24,932 [WARN] PackLoader:238 - Cannot read IP mode file for STMicroelectronics.X-CUBE-AZRTOS-WL.1.0.0
2022-10-19 10:54:24,963 [WARN] PackLoader:238 - Cannot read IP mode file for portGmbH.I-Cube-SoM-uGOAL.1.1.0
2022-10-19 10:54:24,963 [WARN] PackLoader:238 - Cannot read IP mode file for STMicroelectronics.X-CUBE-ALS.1.0.1
2022-10-19 10:54:24,979 [WARN] PackLoader:238 - Cannot read IP mode file for STMicroelectronics.X-CUBE-AZRTOS-L5.1.0.0
2022-10-19 10:54:24,979 [WARN] PackLoader:238 - Cannot read IP mode file for STMicroelectronics.X-CUBE-EEPRMA1.3.1.1
2022-10-19 10:54:24,979 [INFO] ThirdParty:915 - Integrity check success = true
2022-10-19 10:54:24,979 [INFO] IntegrityCheckThread:94 - exiting critical section [integrity check]
2022-10-19 10:54:24,979 [INFO] IntegrityCheckThread:97 - End integrity checks thread
2022-10-19 10:54:25,322 [INFO] DbMcusJson:93 - JSON generation date=Tue Nov 16 23:17:54 ICT 2021 (1637079474)
2022-10-19 10:54:25,823 [INFO] DbMcus:175 - Found 1951 MCUs (1903 are supported by CubeMX, 1914 are visible in CubeMX)
2022-10-19 10:54:25,823 [INFO] ApiDb:251 - Load user favorites file C:\Users\pc/.stm32cubeide/favorites.mcus.txt: 0 item(s)
2022-10-19 10:54:25,823 [INFO] ApiDb:255 - User favorites MCUs=[]
2022-10-19 10:54:25,823 [INFO] DbMcus:187 - Set 0 / 0 favorites MCUs
2022-10-19 10:54:25,838 [INFO] DbBoardsDocs:143 - JSON generation date=Tue Nov 16 23:17:54 ICT 2021 (1637079474)
2022-10-19 10:54:25,854 [INFO] DbBoardsPdsc:90 - Found 25 items
2022-10-19 10:54:25,854 [INFO] DbBoardsPdsc:90 - Found 9 items
2022-10-19 10:54:25,869 [INFO] DbBoardsPdsc:90 - Found 33 items
2022-10-19 10:54:25,869 [INFO] DbBoardsPdsc:90 - Found 1 items
2022-10-19 10:54:25,885 [INFO] DbBoardsPdsc:90 - Found 48 items
2022-10-19 10:54:25,900 [INFO] DbBoardsPdsc:90 - Found 43 items
2022-10-19 10:54:25,916 [INFO] DbBoardsPdsc:90 - Found 2 items
2022-10-19 10:54:25,916 [INFO] DbBoardsPdsc:90 - Found 5 items
2022-10-19 10:54:25,916 [WARN] DbBoardsPdsc:254 - Board STM32H7B3I-DK: unknown feature type=Audio, name=, username=Audio stereo codec with Headphone Amp (CS42L51-CNZ), n=1
2022-10-19 10:54:25,916 [WARN] DbBoardsPdsc:254 - Board STM32H735G-DK: unknown feature type=Audio, name=, username=Audio stereo codec with Headphone Amp (WM8994ECS/R), n=1
2022-10-19 10:54:25,932 [WARN] DbBoardsPdsc:254 - Board STM32H7B3I-EVAL: unknown feature type=Audio, name=, username=Multi-Channel Audio Codec (CS42L51-CNZ), n=1
2022-10-19 10:54:25,932 [WARN] DbBoardsPdsc:254 - Board STM32H7B3I-EVAL: unknown feature type=Meter, name=, username=Power-metering and Temperature-monitoring with sigma-delta modulators, n=1
2022-10-19 10:54:25,932 [WARN] DbBoardsPdsc:254 - Board STM32H7B3I-EVAL: unknown feature type=Motor, name=, username=Motor Control, n=1
2022-10-19 10:54:25,932 [WARN] DbBoardsPdsc:254 - Board STM32U575I-EV: unknown feature type=joystick, name=, username=4-direction joystick with selection button, n=1
2022-10-19 10:54:25,947 [INFO] DbBoardsJson:86 - JSON generation date=Tue Nov 16 23:17:54 ICT 2021 (1637079474)
2022-10-19 10:54:25,947 [INFO] DbBoards:117 - Found 167 boards (163 are supported by CubeMX)
2022-10-19 10:54:25,947 [INFO] DbBoardsDocs:143 - JSON generation date=Tue Nov 16 23:17:54 ICT 2021 (1637079474)
2022-10-19 10:54:25,947 [INFO] DbBoardsDocs:79 - Found 209 boards documents
2022-10-19 10:54:25,947 [WARN] DbBoards:127 - board B-L475E-IOT01A2 has no document id list !
2022-10-19 10:54:25,963 [WARN] DbBoards:127 - board NUCLEO-H743ZI has no document id list !
2022-10-19 10:54:25,963 [WARN] DbBoards:127 - board NUCLEO-WL55JC2 has no document id list !
2022-10-19 10:54:25,963 [WARN] DbBoards:127 - board P-NUCLEO-WB55-Nucleo has no document id list !
2022-10-19 10:54:25,963 [WARN] DbBoards:127 - board P-NUCLEO-WB55-USBDongle has no document id list !
2022-10-19 10:54:25,963 [WARN] DbBoards:127 - board STEVAL-BFA001V1B has no document id list !
2022-10-19 10:54:25,963 [WARN] DbBoards:127 - board STEVAL-BFA001V2B has no document id list !
2022-10-19 10:54:25,963 [WARN] DbBoards:127 - board STEVAL-IDP005V1 has no document id list !
2022-10-19 10:54:25,963 [WARN] DbBoards:127 - board STEVAL-IDP005V2 has no document id list !
2022-10-19 10:54:25,963 [WARN] DbBoards:127 - board STEVAL-MKSBOX1V1 has no document id list !
2022-10-19 10:54:25,963 [WARN] DbBoards:127 - board STEVAL-STWINKT1 has no document id list !
2022-10-19 10:54:25,963 [WARN] DbBoards:127 - board STEVAL-STWINKT1B has no document id list !
2022-10-19 10:54:25,963 [WARN] DbBoards:127 - board STM32439I-EVAL2 has no document id list !
2022-10-19 10:54:25,963 [WARN] DbBoards:127 - board STM32F401C-DISCO has no document id list !
2022-10-19 10:54:25,963 [WARN] DbBoards:127 - board STM32F769I-DISC1 has no document id list !
2022-10-19 10:54:25,963 [WARN] DbBoards:127 - board STM32G474E-EVAL1 has no document id list !
2022-10-19 10:54:25,963 [WARN] DbBoards:127 - board STM32H743I-EVAL2 has no document id list !
2022-10-19 10:54:25,963 [WARN] DbBoards:127 - board STM32H747I-DISC1 has no document id list !
2022-10-19 10:54:25,963 [WARN] DbBoards:127 - board STM32H753I-EVAL2 has no document id list !
2022-10-19 10:54:25,963 [WARN] DbBoards:127 - board STM32L-DISCOVERY has no document id list !
2022-10-19 10:54:26,088 [ERROR] DbBoards:189 - Image file not found for board B-U585I-IOT02A: C:\ST\STM32CubeIDE_1.7.0\STM32CubeIDE\plugins\com.st.stm32cube.common.mx_6.3.0.202107141111\\db\/plugins/mcufinder/images/boards/B-U585I-IOT02A_small.jpg
2022-10-19 10:54:26,182 [ERROR] DbBoards:189 - Image file not found for board NUCLEO-F413ZH: C:\ST\STM32CubeIDE_1.7.0\STM32CubeIDE\plugins\com.st.stm32cube.common.mx_6.3.0.202107141111\\db\/plugins/mcufinder/images/boards/nucleo-f413zh_small.jpg
2022-10-19 10:54:26,385 [ERROR] DbBoards:189 - Image file not found for board NUCLEO-L552ZE-Q: C:\ST\STM32CubeIDE_1.7.0\STM32CubeIDE\plugins\com.st.stm32cube.common.mx_6.3.0.202107141111\\db\/plugins/mcufinder/images/boards/nucleo_l552ze_q_small.jpg
2022-10-19 10:54:26,385 [ERROR] DbBoards:189 - Image file not found for board NUCLEO-U575ZI-Q: C:\ST\STM32CubeIDE_1.7.0\STM32CubeIDE\plugins\com.st.stm32cube.common.mx_6.3.0.202107141111\\db\/plugins/mcufinder/images/boards/nucleo-u575zi-q_small.jpg
2022-10-19 10:54:26,385 [ERROR] DbBoards:189 - Image file not found for board NUCLEO-WB15CC: C:\ST\STM32CubeIDE_1.7.0\STM32CubeIDE\plugins\com.st.stm32cube.common.mx_6.3.0.202107141111\\db\/plugins/mcufinder/images/boards/nucleo-wb15cc_small.jpg
2022-10-19 10:54:26,385 [ERROR] DbBoards:189 - Image file not found for board NUCLEO-WB55RG: C:\ST\STM32CubeIDE_1.7.0\STM32CubeIDE\plugins\com.st.stm32cube.common.mx_6.3.0.202107141111\\db\/plugins/mcufinder/images/boards/nucleo-wb55rg_small.jpg
2022-10-19 10:54:27,542 [INFO] ApiDb:251 - Load user favorites file C:\Users\pc/.stm32cubeide/favorites.boards.txt: 0 item(s)
2022-10-19 10:54:27,542 [INFO] ApiDb:255 - User favorites Boards=[]
2022-10-19 10:54:27,542 [INFO] DbBoards:206 - Set 0 / 0 favorites Boards
2022-10-19 10:54:27,557 [INFO] DbBoardsDocs:79 - Found 418 boards documents
2022-10-19 10:54:27,557 [INFO] ApiDb:276 - Save user favorites file C:\Users\pc/.stm32cubeide/favorites.boards.txt: 0 item(s)
2022-10-19 10:54:27,557 [INFO] ApiDb:280 - User favorites Boards=[]
2022-10-19 10:54:27,557 [INFO] DbBoardsPdsc:90 - Found 25 items
2022-10-19 10:54:27,557 [INFO] DbBoardsPdsc:90 - Found 9 items
2022-10-19 10:54:27,557 [INFO] DbBoardsPdsc:90 - Found 33 items
2022-10-19 10:54:27,557 [INFO] DbBoardsPdsc:90 - Found 1 items
2022-10-19 10:54:27,557 [INFO] DbBoardsPdsc:90 - Found 48 items
2022-10-19 10:54:27,573 [INFO] DbBoardsPdsc:90 - Found 43 items
2022-10-19 10:54:27,573 [INFO] DbBoardsPdsc:90 - Found 2 items
2022-10-19 10:54:27,573 [INFO] DbBoardsPdsc:90 - Found 5 items
2022-10-19 10:54:27,573 [WARN] DbBoardsPdsc:254 - Board STM32H7B3I-DK: unknown feature type=Audio, name=, username=Audio stereo codec with Headphone Amp (CS42L51-CNZ), n=1
2022-10-19 10:54:27,573 [WARN] DbBoardsPdsc:254 - Board STM32H735G-DK: unknown feature type=Audio, name=, username=Audio stereo codec with Headphone Amp (WM8994ECS/R), n=1
2022-10-19 10:54:27,573 [WARN] DbBoardsPdsc:254 - Board STM32H7B3I-EVAL: unknown feature type=Audio, name=, username=Multi-Channel Audio Codec (CS42L51-CNZ), n=1
2022-10-19 10:54:27,573 [WARN] DbBoardsPdsc:254 - Board STM32H7B3I-EVAL: unknown feature type=Meter, name=, username=Power-metering and Temperature-monitoring with sigma-delta modulators, n=1
2022-10-19 10:54:27,573 [WARN] DbBoardsPdsc:254 - Board STM32H7B3I-EVAL: unknown feature type=Motor, name=, username=Motor Control, n=1
2022-10-19 10:54:27,573 [WARN] DbBoardsPdsc:254 - Board STM32U575I-EV: unknown feature type=joystick, name=, username=4-direction joystick with selection button, n=1
2022-10-19 10:54:27,589 [INFO] DbBoardsJson:86 - JSON generation date=Tue Nov 16 23:17:54 ICT 2021 (1637079474)
2022-10-19 10:54:27,604 [INFO] DbBoards:117 - Found 167 boards (163 are supported by CubeMX)
2022-10-19 10:54:27,604 [WARN] DbBoards:127 - board B-L475E-IOT01A2 has no document id list !
2022-10-19 10:54:27,604 [WARN] DbBoards:127 - board NUCLEO-H743ZI has no document id list !
2022-10-19 10:54:27,604 [WARN] DbBoards:127 - board NUCLEO-WL55JC2 has no document id list !
2022-10-19 10:54:27,604 [WARN] DbBoards:127 - board P-NUCLEO-WB55-Nucleo has no document id list !
2022-10-19 10:54:27,604 [WARN] DbBoards:127 - board P-NUCLEO-WB55-USBDongle has no document id list !
2022-10-19 10:54:27,604 [WARN] DbBoards:127 - board STEVAL-BFA001V1B has no document id list !
2022-10-19 10:54:27,604 [WARN] DbBoards:127 - board STEVAL-BFA001V2B has no document id list !
2022-10-19 10:54:27,604 [WARN] DbBoards:127 - board STEVAL-IDP005V1 has no document id list !
2022-10-19 10:54:27,604 [WARN] DbBoards:127 - board STEVAL-IDP005V2 has no document id list !
2022-10-19 10:54:27,604 [WARN] DbBoards:127 - board STEVAL-MKSBOX1V1 has no document id list !
2022-10-19 10:54:27,604 [WARN] DbBoards:127 - board STEVAL-STWINKT1 has no document id list !
2022-10-19 10:54:27,604 [WARN] DbBoards:127 - board STEVAL-STWINKT1B has no document id list !
2022-10-19 10:54:27,604 [WARN] DbBoards:127 - board STM32439I-EVAL2 has no document id list !
2022-10-19 10:54:27,604 [WARN] DbBoards:127 - board STM32F401C-DISCO has no document id list !
2022-10-19 10:54:27,604 [WARN] DbBoards:127 - board STM32F769I-DISC1 has no document id list !
2022-10-19 10:54:27,604 [WARN] DbBoards:127 - board STM32G474E-EVAL1 has no document id list !
2022-10-19 10:54:27,604 [WARN] DbBoards:127 - board STM32H743I-EVAL2 has no document id list !
2022-10-19 10:54:27,604 [WARN] DbBoards:127 - board STM32H747I-DISC1 has no document id list !
2022-10-19 10:54:27,604 [WARN] DbBoards:127 - board STM32H753I-EVAL2 has no document id list !
2022-10-19 10:54:27,604 [WARN] DbBoards:127 - board STM32L-DISCOVERY has no document id list !
2022-10-19 10:54:27,682 [ERROR] DbBoards:189 - Image file not found for board B-U585I-IOT02A: C:\ST\STM32CubeIDE_1.7.0\STM32CubeIDE\plugins\com.st.stm32cube.common.mx_6.3.0.202107141111\\db\/plugins/mcufinder/images/boards/B-U585I-IOT02A_small.jpg
2022-10-19 10:54:27,761 [ERROR] DbBoards:189 - Image file not found for board NUCLEO-F413ZH: C:\ST\STM32CubeIDE_1.7.0\STM32CubeIDE\plugins\com.st.stm32cube.common.mx_6.3.0.202107141111\\db\/plugins/mcufinder/images/boards/nucleo-f413zh_small.jpg
2022-10-19 10:54:27,979 [ERROR] DbBoards:189 - Image file not found for board NUCLEO-L552ZE-Q: C:\ST\STM32CubeIDE_1.7.0\STM32CubeIDE\plugins\com.st.stm32cube.common.mx_6.3.0.202107141111\\db\/plugins/mcufinder/images/boards/nucleo_l552ze_q_small.jpg
2022-10-19 10:54:27,979 [ERROR] DbBoards:189 - Image file not found for board NUCLEO-U575ZI-Q: C:\ST\STM32CubeIDE_1.7.0\STM32CubeIDE\plugins\com.st.stm32cube.common.mx_6.3.0.202107141111\\db\/plugins/mcufinder/images/boards/nucleo-u575zi-q_small.jpg
2022-10-19 10:54:27,979 [ERROR] DbBoards:189 - Image file not found for board NUCLEO-WB15CC: C:\ST\STM32CubeIDE_1.7.0\STM32CubeIDE\plugins\com.st.stm32cube.common.mx_6.3.0.202107141111\\db\/plugins/mcufinder/images/boards/nucleo-wb15cc_small.jpg
2022-10-19 10:54:27,979 [ERROR] DbBoards:189 - Image file not found for board NUCLEO-WB55RG: C:\ST\STM32CubeIDE_1.7.0\STM32CubeIDE\plugins\com.st.stm32cube.common.mx_6.3.0.202107141111\\db\/plugins/mcufinder/images/boards/nucleo-wb55rg_small.jpg
2022-10-19 10:54:28,730 [INFO] ApiDb:251 - Load user favorites file C:\Users\pc/.stm32cubeide/favorites.boards.txt: 0 item(s)
2022-10-19 10:54:28,730 [INFO] ApiDb:255 - User favorites Boards=[]
2022-10-19 10:54:28,730 [INFO] DbBoards:206 - Set 0 / 0 favorites Boards
2022-10-19 10:54:28,735 [INFO] LoadUrlFilesThread:172 - End of LoadServerUrlFiles without Thread
2022-10-19 10:54:28,735 [INFO] TargetSelectorAdapter:224 - Refresh data is successful
2022-10-19 10:54:28,824 [INFO] ApiDb:479 - Connected to CubeFinder SQLite database (C:\Users\pc\.stmcufinder\plugins\mcufinder\mcu\cube-finder-db.db)
2022-10-19 10:54:29,403 [INFO] DbExamplesSqlite:411 - Ignored 31 examples not supported by CubeIDE
2022-10-19 10:54:29,403 [INFO] DbExamplesSqlite:412 - Found 6197 examples active
2022-10-19 10:54:29,403 [INFO] DbExamplesSqlite:413 - Found 89 examples obsolete
2022-10-19 10:54:29,403 [INFO] DbExamplesSqlite:414 - Found 0 examples under development
2022-10-19 10:54:29,403 [INFO] DbExamplesSqlite:415 - Found 76 examples not building
2022-10-19 10:54:29,418 [INFO] DbExamplesSqlite:108 - CubeFinder database Data Model version=2.1
2022-10-19 10:54:29,418 [INFO] DbExamplesSqlite:109 - CubeFinder database Configuration version=3.0.32
2022-10-19 10:54:29,418 [INFO] DbExamplesSqlite:110 - CubeFinder database generation date=2022-08-05 (1659688109)
2022-10-19 10:54:29,418 [INFO] DbExamplesSqlite:111 - CubeFinder database FW Pack versions=[STM32Cube_FW_C0_V1.0.0, STM32Cube_FW_F4_V1.27.1, STM32Cube_FW_F7_V1.17.0, STM32Cube_FW_G0_V1.6.1, STM32Cube_FW_G4_V1.5.0, STM32Cube_FW_H7_V1.10.0, STM32Cube_FW_L5_V1.4.0, STM32Cube_FW_U5_V1.1.1, STM32Cube_FW_WB_V1.14.1, STM32Cube_FW_WL_V1.2.0, X-CUBE-ALGOBUILD_V1.3.0, X-CUBE-ALS_V1.0.1, X-CUBE-AZRTOS-F4_V1.1.0, X-CUBE-AZRTOS-F7_V1.1.0, X-CUBE-AZRTOS-G0_V1.1.0, X-CUBE-AZRTOS-G4_V1.0.0, X-CUBE-AZRTOS-H7_V2.1.0, X-CUBE-AZRTOS-L4_V1.0.0, X-CUBE-AZRTOS-L5_V1.0.0, X-CUBE-AZRTOS-WL_V1.0.0, X-CUBE-BLE1_V6.2.3, X-CUBE-BLE2_V3.3.0, X-CUBE-EEPRMA1_V3.1.1, X-CUBE-GNSS1_V6.0.0, X-CUBE-MEMS1_V9.1.0, X-CUBE-MEMS1_V9.3.0, X-CUBE-NFC4_V2.0.4, X-CUBE-NFC7_V1.0.0, X-CUBE-SFXS2LP1_V4.0.0, X-CUBE-SUBG2_V5.0.0]
2022-10-19 10:54:29,434 [INFO] DbExamples:130 - Found 6242 examples
2022-10-19 10:54:29,950 [ERROR] DbExamples:206 - Found 6242 examples with invalid data (board or MCU)
2022-10-19 10:54:29,950 [INFO] DbExamples:222 - Found 74 boards with related examples
2022-10-19 10:54:29,950 [INFO] DbExamples:235 - Found 0 MCUs with related examples
2022-10-19 10:54:29,965 [INFO] ApiDb:242 - User favorites file not found: C:\Users\pc/.stm32cubeide/favorites.examples.txt
2022-10-19 10:54:29,981 [INFO] DbExamples:256 - Set 0 / 0 favorites Examples
2022-10-19 10:54:30,121 [INFO] McuFinderGlobals:52 - Set McuFinderConnectedMode to false
2022-10-19 10:54:30,215 [INFO] CrossSelectorPresenter:1330 - Cross Selector saved comparison directory: C:\Users\pc\.stmcufinder\plugins\mcufinder\mcu\cs_comparisons_mx
2022-10-19 10:54:30,215 [INFO] MultiScanPanel:197 - Auto-refresh data requested => check proxy status ongoing
2022-10-19 10:54:30,215 [INFO] MultiScanPanel:201 - Proxy status is invalid
2022-10-19 10:54:30,231 [INFO] FinderPluginLoader:87 - Searching for filters in installed packs
2022-10-19 10:54:30,694 [INFO] DetailPanel:309 - Set advertising image to C:/Users/pc/STM32Cube/Repository/\en.Prom_NBSTM32U50921.jpg
2022-10-19 10:55:12,783 [INFO] MainUpdater:2671 - connection check result : 10
2022-10-19 10:55:12,783 [INFO] MainUpdater:2671 - connection check result : 10
2022-10-19 10:55:12,830 [INFO] MicroXplorer:448 - Change Database Path : 
2022-10-19 10:55:12,830 [INFO] MicroXplorer:478 - Change Database Version : DB.6.0.30
2022-10-19 10:55:12,830 [WARN] ThirdParty:813 - waiting for thirdparty lock release [close project]
2022-10-19 10:55:12,830 [INFO] ThirdParty:815 - entering critical section [close project]
2022-10-19 10:55:12,830 [INFO] ThirdParty:825 - exiting critical section [close project]
2022-10-19 10:55:12,830 [INFO] PinOutPanel:1463 - setPackage(No Configuration,No Configuration)
2022-10-19 10:55:12,830 [INFO] UtilMem:74 - Begin LoadConfig() Used Memory: 600186376 Bytes (664797184)
2022-10-19 10:55:12,830 [INFO] MicroXplorer:448 - Change Database Path : 
2022-10-19 10:55:12,830 [INFO] MicroXplorer:478 - Change Database Version : DB.6.0.30
2022-10-19 10:55:12,830 [INFO] OpenFileManager:313 - Change cursor
2022-10-19 10:55:13,548 [INFO] Context:592 - Trying to add GPIOservice into a context  which must be forbidden
2022-10-19 10:55:13,783 [WARN] ApiManager:304 - Cannot register API 'Board Extension:GNSS1A1' from pack STMicroelectronics.X-CUBE-GNSS1.6.0.0: no header file found
2022-10-19 10:55:13,783 [WARN] ApiManager:304 - Cannot register API 'Board Support:Custom' from pack STMicroelectronics.X-CUBE-GNSS1.6.0.0: no header file found
2022-10-19 10:55:13,783 [WARN] ApiManager:304 - Cannot register API 'Data Exchange:lib_gnss' from pack STMicroelectronics.X-CUBE-GNSS1.6.0.0: no header file found
2022-10-19 10:55:13,799 [WARN] ModelIntegratedComponent:60 - No mode defined for component null
2022-10-19 10:55:13,799 [WARN] ModelIntegratedComponent:60 - No mode defined for component null
2022-10-19 10:55:13,799 [WARN] ModelIntegratedComponent:60 - No mode defined for component null
2022-10-19 10:55:13,799 [WARN] ModelIntegratedComponent:60 - No mode defined for component null
2022-10-19 10:55:13,799 [WARN] ModelIntegratedComponent:60 - No mode defined for component null
2022-10-19 10:55:13,799 [WARN] ModelIntegratedComponent:60 - No mode defined for component null
2022-10-19 10:55:13,799 [WARN] ModelIntegratedComponent:60 - No mode defined for component null
2022-10-19 10:55:13,799 [WARN] ModelIntegratedComponent:60 - No mode defined for component null
2022-10-19 10:55:13,799 [WARN] ModelIntegratedComponent:60 - No mode defined for component null
2022-10-19 10:55:13,799 [WARN] ModelIntegratedComponent:60 - No mode defined for component null
2022-10-19 10:55:13,799 [WARN] ModelIntegratedComponent:60 - No mode defined for component null
2022-10-19 10:55:13,799 [WARN] ModelIntegratedComponent:60 - No mode defined for component null
2022-10-19 10:55:13,814 [WARN] ModelIntegratedComponent:60 - No mode defined for component null
2022-10-19 10:55:13,814 [WARN] ModelIntegratedComponent:60 - No mode defined for component null
2022-10-19 10:55:13,814 [WARN] ModelIntegratedComponent:60 - No mode defined for component null
2022-10-19 10:55:13,814 [WARN] ModelIntegratedComponent:60 - No mode defined for component null
2022-10-19 10:55:13,814 [WARN] ModelIntegratedComponent:60 - No mode defined for component null
2022-10-19 10:55:13,814 [WARN] ModelIntegratedComponent:60 - No mode defined for component null
2022-10-19 10:55:13,814 [WARN] ModelIntegratedComponent:60 - No mode defined for component null
2022-10-19 10:55:13,814 [WARN] ModelIntegratedComponent:60 - No mode defined for component null
2022-10-19 10:55:13,814 [WARN] ModelIntegratedComponent:60 - No mode defined for component null
2022-10-19 10:55:13,814 [WARN] ModelIntegratedComponent:60 - No mode defined for component null
2022-10-19 10:55:13,814 [WARN] ModelIntegratedComponent:60 - No mode defined for component null
2022-10-19 10:55:13,814 [WARN] ModelIntegratedComponent:60 - No mode defined for component null
2022-10-19 10:55:13,814 [WARN] ModelIntegratedComponent:60 - No mode defined for component null
2022-10-19 10:55:13,814 [WARN] ModelIntegratedComponent:60 - No mode defined for component null
2022-10-19 10:55:13,814 [WARN] ModelIntegratedComponent:60 - No mode defined for component null
2022-10-19 10:55:13,814 [WARN] ModelIntegratedComponent:60 - No mode defined for component null
2022-10-19 10:55:13,814 [WARN] ModelIntegratedComponent:60 - No mode defined for component null
2022-10-19 10:55:13,814 [WARN] ModelIntegratedComponent:60 - No mode defined for component null
2022-10-19 10:55:13,814 [WARN] ModelIntegratedComponent:60 - No mode defined for component null
2022-10-19 10:55:13,814 [WARN] ApiManager:304 - Cannot register API 'Board Extension:NFC07A1' from pack STMicroelectronics.X-CUBE-NFC7.1.0.0: no header file found
2022-10-19 10:55:14,049 [WARN] ApiManager:304 - Cannot register API 'Board Extension:IKS01A3' from pack STMicroelectronics.X-CUBE-MEMS1.9.3.0: no header file found
2022-10-19 10:55:14,049 [WARN] ApiManager:304 - Cannot register API 'Board Extension:IKS01A2' from pack STMicroelectronics.X-CUBE-MEMS1.9.3.0: no header file found
2022-10-19 10:55:14,049 [WARN] ApiManager:304 - Cannot register API 'Board Extension:IKS02A1' from pack STMicroelectronics.X-CUBE-MEMS1.9.3.0: no header file found
2022-10-19 10:55:14,064 [WARN] ApiManager:304 - Cannot register API 'Wireless:BlueNRG-MS' from pack STMicroelectronics.X-CUBE-BLE1.6.2.3: no header file found
2022-10-19 10:55:14,064 [INFO] RtosManager:484 - Registered RTOS mode: class=CMSIS, group=RTOS, mode=CMSIS_V1, owner=FREERTOS
2022-10-19 10:55:14,064 [INFO] RtosManager:484 - Registered RTOS mode: class=CMSIS, group=RTOS2, mode=CMSIS_V2, owner=FREERTOS
2022-10-19 10:55:14,064 [INFO] RtosManager:484 - Registered RTOS mode: class=RTOS, group=Core, mode=CMSIS_V1, owner=FREERTOS
2022-10-19 10:55:14,064 [INFO] RtosManager:484 - Registered RTOS mode: class=RTOS, group=Core, mode=CMSIS_V2, owner=FREERTOS
2022-10-19 10:55:14,064 [WARN] ModelIntegratedComponent:181 - Missing modes for component STMicroelectronics:FreeRTOS:0.0.1:STMicroelectronics:RTOS:FreeRTOS:Core:::10.2.0:
2022-10-19 10:55:14,064 [WARN] ApiManager:304 - Cannot register API 'Board Extension:S2868A1' from pack STMicroelectronics.X-CUBE-SUBG2.5.0.0: no header file found
2022-10-19 10:55:14,064 [WARN] ApiManager:304 - Cannot register API 'Board Extension:S2868A2' from pack STMicroelectronics.X-CUBE-SUBG2.5.0.0: no header file found
2022-10-19 10:55:14,064 [WARN] ApiManager:304 - Cannot register API 'Board Extension:S2915A1' from pack STMicroelectronics.X-CUBE-SUBG2.5.0.0: no header file found
2022-10-19 10:55:14,064 [WARN] ApiManager:304 - Cannot register API 'Board Extension:EEPRMA1' from pack STMicroelectronics.X-CUBE-EEPRMA1.3.1.1: no header file found
2022-10-19 10:55:14,064 [WARN] ApiManager:304 - Cannot register API 'Board Extension:EEPRMA2' from pack STMicroelectronics.X-CUBE-EEPRMA1.3.1.1: no header file found
2022-10-19 10:55:14,080 [WARN] ApiManager:304 - Cannot register API 'Board Extension:S2868A1' from pack STMicroelectronics.X-CUBE-SFXS2LP1.4.0.0: no header file found
2022-10-19 10:55:14,080 [WARN] ApiManager:304 - Cannot register API 'Board Extension:S2868A2' from pack STMicroelectronics.X-CUBE-SFXS2LP1.4.0.0: no header file found
2022-10-19 10:55:14,080 [WARN] ApiManager:304 - Cannot register API 'Board Extension:S2915A1' from pack STMicroelectronics.X-CUBE-SFXS2LP1.4.0.0: no header file found
2022-10-19 10:55:14,080 [WARN] ApiManager:304 - Cannot register API 'Wireless:BlueNRG-2' from pack STMicroelectronics.X-CUBE-BLE2.3.3.0: no header file found
2022-10-19 10:55:14,080 [WARN] ApiManager:304 - Cannot register API 'Board Extension:NFC04A1' from pack STMicroelectronics.X-CUBE-NFC4.2.0.4: no header file found
2022-10-19 10:55:15,742 [INFO] UtilMem:74 - End LoadConfig() Used Memory: 589794976 Bytes (697303040)
2022-10-19 10:55:15,758 [WARN] ThirdParty:779 - waiting for thirdparty lock release [change project]
2022-10-19 10:55:15,758 [INFO] ThirdParty:781 - entering critical section [change project]
2022-10-19 10:55:15,758 [INFO] ThirdParty:967 - CMSIS Pack Vendor :RoweBots I-CUBE-UNISONRTOS 5.5.0-4
2022-10-19 10:55:15,758 [INFO] ThirdParty:967 - CMSIS Pack Vendor :STMicroelectronics X-CUBE-GNSS1 6.0.0
2022-10-19 10:55:15,758 [INFO] ThirdParty:967 - CMSIS Pack Vendor :STMicroelectronics X-CUBE-AZRTOS-H7 2.1.0
2022-10-19 10:55:15,758 [INFO] ThirdParty:967 - CMSIS Pack Vendor :STMicroelectronics USB_HOST 2.0.0
2022-10-19 10:55:15,758 [INFO] ThirdParty:967 - CMSIS Pack Vendor :STMicroelectronics X-CUBE-AZRTOS-F4 1.1.0
2022-10-19 10:55:15,758 [INFO] ThirdParty:967 - CMSIS Pack Vendor :STMicroelectronics X-CUBE-AZRTOS-G4 1.0.0
2022-10-19 10:55:15,758 [INFO] ThirdParty:967 - CMSIS Pack Vendor :STMicroelectronics FP-ATR-SIGFOX1 3.2.0
2022-10-19 10:55:15,758 [INFO] ThirdParty:967 - CMSIS Pack Vendor :STMicroelectronics X-CUBE-AZRTOS-L4 1.0.0
2022-10-19 10:55:15,758 [INFO] ThirdParty:967 - CMSIS Pack Vendor :STMicroelectronics USB_DEVICE 3.0.0
2022-10-19 10:55:15,758 [INFO] ThirdParty:967 - CMSIS Pack Vendor :wolfSSL I-CUBE-wolfSSL 5.5.0
2022-10-19 10:55:15,758 [INFO] ThirdParty:967 - CMSIS Pack Vendor :STMicroelectronics HAL Drivers 0.0.0
2022-10-19 10:55:15,758 [INFO] ThirdParty:967 - CMSIS Pack Vendor :STMicroelectronics MBEDTLS 2.16.2
2022-10-19 10:55:15,758 [INFO] ThirdParty:967 - CMSIS Pack Vendor :emotas I-CUBE-CANOPEN 1.1.2
2022-10-19 10:55:15,758 [INFO] ThirdParty:967 - CMSIS Pack Vendor :STMicroelectronics X-CUBE-TOUCHGFX 4.20.0
2022-10-19 10:55:15,758 [INFO] ThirdParty:967 - CMSIS Pack Vendor :STMicroelectronics MBEDTLS 2.14.1
2022-10-19 10:55:15,758 [INFO] ThirdParty:967 - CMSIS Pack Vendor :STMicroelectronics X-CUBE-NFC7 1.0.0
2022-10-19 10:55:15,758 [INFO] ThirdParty:967 - CMSIS Pack Vendor :STMicroelectronics X-CUBE-BLEMGR 1.0.0
2022-10-19 10:55:15,758 [INFO] ThirdParty:967 - CMSIS Pack Vendor :STMicroelectronics X-CUBE-BLEMGR 1.2.0
2022-10-19 10:55:15,758 [INFO] ThirdParty:967 - CMSIS Pack Vendor :STMicroelectronics X-CUBE-AZRTOS-WL 1.0.0
2022-10-19 10:55:15,758 [INFO] ThirdParty:967 - CMSIS Pack Vendor :STMicroelectronics X-CUBE-AZRTOS-F7 1.1.0
2022-10-19 10:55:15,758 [INFO] ThirdParty:967 - CMSIS Pack Vendor :STMicroelectronics X-CUBE-MEMS1 9.3.0
2022-10-19 10:55:15,758 [INFO] ThirdParty:967 - CMSIS Pack Vendor :portGmbH I-Cube-SoM-uGOAL 1.1.0
2022-10-19 10:55:15,758 [INFO] ThirdParty:967 - CMSIS Pack Vendor :STMicroelectronics X-CUBE-ALS 1.0.1
2022-10-19 10:55:15,758 [INFO] ThirdParty:967 - CMSIS Pack Vendor :STMicroelectronics USB_DEVICE 2.0.0
2022-10-19 10:55:15,758 [INFO] ThirdParty:967 - CMSIS Pack Vendor :STMicroelectronics X-CUBE-AI 7.2.0
2022-10-19 10:55:15,758 [INFO] ThirdParty:967 - CMSIS Pack Vendor :STMicroelectronics X-CUBE-BLE1 6.2.3
2022-10-19 10:55:15,758 [INFO] ThirdParty:967 - CMSIS Pack Vendor :STMicroelectronics X-CUBE-ALGOBUILD 1.3.0
2022-10-19 10:55:15,758 [INFO] ThirdParty:967 - CMSIS Pack Vendor :STMicroelectronics X-CUBE-AZRTOS-L5 1.0.0
2022-10-19 10:55:15,758 [INFO] ThirdParty:967 - CMSIS Pack Vendor :STMicroelectronics FreeRTOS 0.0.1
2022-10-19 10:55:15,758 [INFO] ThirdParty:967 - CMSIS Pack Vendor :STMicroelectronics X-CUBE-AZRTOS-G0 1.1.0
2022-10-19 10:55:15,758 [INFO] ThirdParty:967 - CMSIS Pack Vendor :STMicroelectronics USB_DEVICE 1.0.0
2022-10-19 10:55:15,758 [INFO] ThirdParty:967 - CMSIS Pack Vendor :STMicroelectronics X-CUBE-SUBG2 5.0.0
2022-10-19 10:55:15,758 [INFO] ThirdParty:967 - CMSIS Pack Vendor :SEGGER I-CUBE-embOS 1.2.0
2022-10-19 10:55:15,758 [INFO] ThirdParty:967 - CMSIS Pack Vendor :STMicroelectronics X-CUBE-EEPRMA1 3.1.1
2022-10-19 10:55:15,758 [INFO] ThirdParty:967 - CMSIS Pack Vendor :STMicroelectronics ThreadX 0.0.2
2022-10-19 10:55:15,758 [INFO] ThirdParty:967 - CMSIS Pack Vendor :STMicroelectronics lwIP 2.0.3
2022-10-19 10:55:15,758 [INFO] ThirdParty:967 - CMSIS Pack Vendor :STMicroelectronics lwIP 2.1.2
2022-10-19 10:55:15,758 [INFO] ThirdParty:967 - CMSIS Pack Vendor :STMicroelectronics X-CUBE-SFXS2LP1 4.0.0
2022-10-19 10:55:15,758 [INFO] ThirdParty:967 - CMSIS Pack Vendor :STMicroelectronics X-CUBE-BLE2 3.3.0
2022-10-19 10:55:15,758 [INFO] ThirdParty:967 - CMSIS Pack Vendor :STMicroelectronics X-CUBE-NFC4 2.0.4
2022-10-19 10:55:15,758 [INFO] ThirdParty:967 - CMSIS Pack Vendor :STMicroelectronics USB_HOST 1.0.0
2022-10-19 10:55:15,758 [INFO] ThirdParty:967 - CMSIS Pack Vendor :STMicroelectronics X-CUBE-DISPLAY 2.2.0
2022-10-19 10:55:15,758 [INFO] ThirdParty:967 - CMSIS Pack Vendor :STMicroelectronics PDM2PCM 3.1.0
2022-10-19 10:55:15,758 [INFO] ThirdParty:967 - CMSIS Pack Vendor :STMicroelectronics FP-ATR-ASTRA1 1.1.1
2022-10-19 10:55:15,758 [INFO] ThirdParty:967 - CMSIS Pack Vendor :STMicroelectronics PDM2PCM 3.2.0
2022-10-19 10:55:15,758 [INFO] ThirdParty:967 - CMSIS Pack Vendor :STMicroelectronics PDM2PCM 3.3.0
2022-10-19 10:55:15,758 [INFO] ThirdParty:967 - CMSIS Pack Vendor :STMicroelectronics X-CUBE-TOF1 3.1.0
2022-10-19 10:55:15,758 [INFO] ThirdParty:967 - CMSIS Pack Vendor :STMicroelectronics X-CUBE-ISPU 1.0.0
2022-10-19 10:55:15,758 [INFO] ThirdParty:787 - exiting critical section [change project]
2022-10-19 10:55:16,010 [INFO] PinOutPanel:1463 - setPackage(No Configuration,No Configuration)
2022-10-19 10:55:16,010 [INFO] PinOutPanel:1463 - setPackage(STM32F103C6Ux,UFQFPN48)
2022-10-19 10:55:16,385 [INFO] UtilMem:74 - Before build in PCC Used Memory: 630068040 Bytes (697303040)
2022-10-19 10:55:16,942 [INFO] UtilMem:74 - After build in PCC Used Memory: 625685856 Bytes (697303040)
2022-10-19 10:55:16,973 [INFO] IPUIPlugin:74 - create IPUIPlugin
2022-10-19 10:55:16,973 [INFO] IPUIPlugin:74 - create IPUIPlugin
2022-10-19 10:55:16,973 [INFO] IPUIPlugin:74 - create IPUIPlugin
2022-10-19 10:55:16,973 [INFO] IPUIPlugin:74 - create IPUIPlugin
2022-10-19 10:55:16,973 [INFO] IPUIPlugin:74 - create IPUIPlugin
2022-10-19 10:55:16,973 [INFO] IPUIPlugin:74 - create IPUIPlugin
2022-10-19 10:55:16,973 [INFO] IPUIPlugin:74 - create IPUIPlugin
2022-10-19 10:55:16,973 [INFO] IPUIPlugin:74 - create IPUIPlugin
2022-10-19 10:55:16,973 [INFO] IPUIPlugin:74 - create IPUIPlugin
2022-10-19 10:55:16,973 [INFO] IPUIPlugin:74 - create IPUIPlugin
2022-10-19 10:55:16,973 [INFO] IPUIPlugin:74 - create IPUIPlugin
2022-10-19 10:55:16,973 [INFO] IPUIPlugin:74 - create IPUIPlugin
2022-10-19 10:55:16,973 [INFO] IPUIPlugin:74 - create IPUIPlugin
2022-10-19 10:55:16,973 [INFO] IPUIPlugin:74 - create IPUIPlugin
2022-10-19 10:55:16,973 [INFO] IPUIPlugin:74 - create IPUIPlugin
2022-10-19 10:55:16,973 [INFO] IPUIPlugin:74 - create IPUIPlugin
2022-10-19 10:55:16,973 [INFO] IPUIPlugin:74 - create IPUIPlugin
2022-10-19 10:55:16,973 [INFO] IPUIPlugin:74 - create IPUIPlugin
2022-10-19 10:55:16,973 [INFO] IPUIPlugin:74 - create IPUIPlugin
2022-10-19 10:55:16,973 [INFO] IPUIPlugin:74 - create IPUIPlugin
2022-10-19 10:55:16,973 [INFO] IPUIPlugin:74 - create IPUIPlugin
2022-10-19 10:55:16,973 [INFO] IPUIPlugin:74 - create IPUIPlugin
2022-10-19 10:55:16,973 [INFO] IPUIPlugin:74 - create IPUIPlugin
2022-10-19 10:55:17,130 [INFO] OpenFileManager:333 - Restore cursor
2022-10-19 10:55:17,443 [INFO] UtilMem:74 - End SaveConfig() Used Memory: 652689408 Bytes (697303040)
2022-10-19 10:55:17,506 [INFO] UtilMem:74 - End SaveConfig() Used Memory: 634662112 Bytes (697303040)
2022-10-19 10:55:17,807 [INFO] BlockDiagram:2740 - set Specific Code input for plugin: NVIC
2022-10-19 10:55:17,807 [INFO] BlockDiagram:2740 - set Specific Code input for plugin: SYS
2022-10-19 10:55:17,807 [INFO] BlockDiagram:2740 - set Specific Code input for plugin: GPIO
2022-10-19 10:55:17,807 [INFO] BlockDiagram:2740 - set Specific Code input for plugin: RCC
2022-10-19 10:55:17,807 [INFO] BlockDiagram:2740 - set Specific Code input for plugin: TIM1_8F1
2022-10-19 10:55:17,963 [INFO] CodeGenerator:663 - code generatio: config db path: C:\ST\STM32CubeIDE_1.7.0\STM32CubeIDE\plugins\com.st.stm32cube.common.mx_6.3.0.202107141111\\db\
2022-10-19 10:55:18,339 [INFO] CodeEngine:239 - oldGeneratedFile, D:\MCU_LAB\lab2_offical\lab2\MXTmpFiles\license.tmp_save
2022-10-19 10:55:18,683 [INFO] CodeEngine:257 - Generated code: D:\MCU_LAB\lab2_offical\lab2\MXTmpFiles\license.tmp
2022-10-19 10:55:18,808 [INFO] CodeEngine:239 - oldGeneratedFile, D:\MCU_LAB\lab2_offical\lab2\MXTmpFiles\gpio.tmp_save
2022-10-19 10:55:18,902 [INFO] CodeEngine:257 - Generated code: D:\MCU_LAB\lab2_offical\lab2\MXTmpFiles\gpio.tmp
2022-10-19 10:55:19,090 [INFO] CodeEngine:239 - oldGeneratedFile, D:\MCU_LAB\lab2_offical\lab2\Core\Src\stm32f1xx_it.c_save
2022-10-19 10:55:19,214 [INFO] CodeEngine:257 - Generated code: D:\MCU_LAB\lab2_offical\lab2\Core\Src\stm32f1xx_it.c
2022-10-19 10:55:19,230 [INFO] CodeEngine:239 - oldGeneratedFile, D:\MCU_LAB\lab2_offical\lab2\Core\Inc\stm32f1xx_it.h_save
2022-10-19 10:55:19,293 [INFO] CodeEngine:257 - Generated code: D:\MCU_LAB\lab2_offical\lab2\Core\Inc\stm32f1xx_it.h
2022-10-19 10:55:19,308 [INFO] CodeEngine:239 - oldGeneratedFile, D:\MCU_LAB\lab2_offical\lab2\Core\Src\stm32f1xx_hal_msp.c_save
2022-10-19 10:55:19,418 [INFO] CodeEngine:257 - Generated code: D:\MCU_LAB\lab2_offical\lab2\Core\Src\stm32f1xx_hal_msp.c
2022-10-19 10:55:19,418 [INFO] CodeEngine:239 - oldGeneratedFile, D:\MCU_LAB\lab2_offical\lab2\MXTmpFiles\system.tmp_save
2022-10-19 10:55:19,496 [INFO] CodeEngine:257 - Generated code: D:\MCU_LAB\lab2_offical\lab2\MXTmpFiles\system.tmp
2022-10-19 10:55:19,511 [INFO] CodeEngine:239 - oldGeneratedFile, D:\MCU_LAB\lab2_offical\lab2\Core\Inc\stm32f1xx_hal_conf.h_save
2022-10-19 10:55:19,588 [INFO] CodeEngine:257 - Generated code: D:\MCU_LAB\lab2_offical\lab2\Core\Inc\stm32f1xx_hal_conf.h
2022-10-19 10:55:19,604 [WARN] IPConfigManager:3148 - IP not found : TIM
2022-10-19 10:55:19,619 [WARN] CodeGenerator:3268 - IP not found : null
2022-10-19 10:55:19,619 [INFO] CodeEngine:239 - oldGeneratedFile, D:\MCU_LAB\lab2_offical\lab2\Core\Inc\main.h_save
2022-10-19 10:55:19,713 [INFO] CodeEngine:257 - Generated code: D:\MCU_LAB\lab2_offical\lab2\Core\Inc\main.h
2022-10-19 10:55:19,729 [INFO] CodeEngine:239 - oldGeneratedFile, D:\MCU_LAB\lab2_offical\lab2\Core\Src\main.c_save
2022-10-19 10:55:19,854 [INFO] CodeEngine:257 - Generated code: D:\MCU_LAB\lab2_offical\lab2\Core\Src\main.c
2022-10-19 10:55:20,806 [INFO] ProjectBuilder:2578 - Time for Copy HAL[1] : 259mS.
2022-10-19 10:55:20,822 [INFO] ProjectBuilder:3622 - Project Generator version: 3.14.1
2022-10-19 10:55:21,275 [INFO] ConfigFileManager:1271 - The Die is : DIE412
2022-10-19 10:55:21,307 [INFO] ApiDbMcu:468 - Load IP Config File for FATFS
2022-10-19 10:55:21,338 [INFO] ApiDbMcu:468 - Load IP Config File for FREERTOS
2022-10-19 10:55:21,353 [INFO] ApiDbMcu:468 - Load IP Config File for USB_DEVICE
2022-10-19 10:55:25,652 [INFO] ProjectBuilder:3789 - Time for Generating toolchain IDE Files: 4830mS.
2022-10-19 10:55:25,652 [INFO] ProjectBuilder:2457 - Time for Copy CMSIS : 0mS.
2022-10-19 10:55:25,652 [INFO] ProjectBuilder:2457 - Time for Copy CMSIS : 0mS.
2022-10-19 10:55:26,199 [INFO] McuFinderGlobals:52 - Set McuFinderConnectedMode to true
2022-10-19 10:55:26,199 [INFO] ApiDb:276 - Save user favorites file C:\Users\pc/.stm32cubeide/favorites.mcus.txt: 0 item(s)
2022-10-19 10:55:26,199 [INFO] ApiDb:280 - User favorites MCUs=[]
2022-10-19 12:15:17,793 [INFO] Activator:177 - 


2022-10-19 12:15:17,793 [INFO] Activator:178 - !SESSION log4j initialized
